<?xml version="1.0" encoding="UTF-8"?>
<!DOCTYPE properties SYSTEM "http://java.sun.com/dtd/properties.dtd">
<properties version="1.0">
  <comment>Sample test run arguments (ets-ogcapi-processes10)</comment>
  <entry key="iut">http://zookernel/ogc-api</entry>
<!--   <entry key="iut">http://geoprocessing.demo.52north.org:8080/javaps/rest/</entry> -->
  <entry key="echoprocessid">echo</entry>
  <!-- entry key="testallprocesses">on</entry-->
  <entry key="processtestlimit">5</entry>
</properties>
